<?xml version="1.0" encoding="UTF-8"?>
<testsuites>
  <testsuite name="Weline\DataTable\Test\Unit\ApiTest" file="E:\WelineFramework\DEV-workspace\app\code\Weline\DataTable\Test\Unit\ApiTest.php" tests="28" assertions="62" errors="0" warnings="0" failures="0" skipped="0" time="0.049203">
    <testcase name="testFormFieldTypeValidation" class="Weline\DataTable\Test\Unit\ApiTest" classname="Weline.DataTable.Test.Unit.ApiTest" file="E:\WelineFramework\DEV-workspace\app\code\Weline\DataTable\Test\Unit\ApiTest.php" line="801" assertions="9" time="0.008059"/>
    <testcase name="testTrashEmptyWithoutConfirm" class="Weline\DataTable\Test\Unit\ApiTest" classname="Weline.DataTable.Test.Unit.ApiTest" file="E:\WelineFramework\DEV-workspace\app\code\Weline\DataTable\Test\Unit\ApiTest.php" line="765" assertions="2" time="0.000437"/>
    <testcase name="testDataTablePostDataSuccess" class="Weline\DataTable\Test\Unit\ApiTest" classname="Weline.DataTable.Test.Unit.ApiTest" file="E:\WelineFramework\DEV-workspace\app\code\Weline\DataTable\Test\Unit\ApiTest.php" line="65" assertions="1" time="0.002771"/>
    <testcase name="testDataTablePostDataMissingRequiredParams" class="Weline\DataTable\Test\Unit\ApiTest" classname="Weline.DataTable.Test.Unit.ApiTest" file="E:\WelineFramework\DEV-workspace\app\code\Weline\DataTable\Test\Unit\ApiTest.php" line="97" assertions="2" time="0.000168"/>
    <testcase name="testDataTablePostCreate" class="Weline\DataTable\Test\Unit\ApiTest" classname="Weline.DataTable.Test.Unit.ApiTest" file="E:\WelineFramework\DEV-workspace\app\code\Weline\DataTable\Test\Unit\ApiTest.php" line="133" assertions="1" time="0.000092"/>
    <testcase name="testDataTablePostUpdate" class="Weline\DataTable\Test\Unit\ApiTest" classname="Weline.DataTable.Test.Unit.ApiTest" file="E:\WelineFramework\DEV-workspace\app\code\Weline\DataTable\Test\Unit\ApiTest.php" line="162" assertions="1" time="0.000076"/>
    <testcase name="testDataTablePostDeleteSingle" class="Weline\DataTable\Test\Unit\ApiTest" classname="Weline.DataTable.Test.Unit.ApiTest" file="E:\WelineFramework\DEV-workspace\app\code\Weline\DataTable\Test\Unit\ApiTest.php" line="191" assertions="1" time="0.000095"/>
    <testcase name="testDataTablePostDeleteBatch" class="Weline\DataTable\Test\Unit\ApiTest" classname="Weline.DataTable.Test.Unit.ApiTest" file="E:\WelineFramework\DEV-workspace\app\code\Weline\DataTable\Test\Unit\ApiTest.php" line="217" assertions="1" time="0.000069"/>
    <testcase name="testDataTableFieldTypeValidation" class="Weline\DataTable\Test\Unit\ApiTest" classname="Weline.DataTable.Test.Unit.ApiTest" file="E:\WelineFramework\DEV-workspace\app\code\Weline\DataTable\Test\Unit\ApiTest.php" line="243" assertions="10" time="0.000387"/>
    <testcase name="testDataTablePaginationParams" class="Weline\DataTable\Test\Unit\ApiTest" classname="Weline.DataTable.Test.Unit.ApiTest" file="E:\WelineFramework\DEV-workspace\app\code\Weline\DataTable\Test\Unit\ApiTest.php" line="271" assertions="1" time="0.000097"/>
    <testcase name="testDataTableSortParams" class="Weline\DataTable\Test\Unit\ApiTest" classname="Weline.DataTable.Test.Unit.ApiTest" file="E:\WelineFramework\DEV-workspace\app\code\Weline\DataTable\Test\Unit\ApiTest.php" line="302" assertions="1" time="0.000099"/>
    <testcase name="testDataTableFilterParams" class="Weline\DataTable\Test\Unit\ApiTest" classname="Weline.DataTable.Test.Unit.ApiTest" file="E:\WelineFramework\DEV-workspace\app\code\Weline\DataTable\Test\Unit\ApiTest.php" line="336" assertions="1" time="0.000077"/>
    <testcase name="testFormPostFieldsSuccess" class="Weline\DataTable\Test\Unit\ApiTest" classname="Weline.DataTable.Test.Unit.ApiTest" file="E:\WelineFramework\DEV-workspace\app\code\Weline\DataTable\Test\Unit\ApiTest.php" line="372" assertions="1" time="0.031945"/>
    <testcase name="testFormPostFieldsMissingModel" class="Weline\DataTable\Test\Unit\ApiTest" classname="Weline.DataTable.Test.Unit.ApiTest" file="E:\WelineFramework\DEV-workspace\app\code\Weline\DataTable\Test\Unit\ApiTest.php" line="407" assertions="2" time="0.000171"/>
    <testcase name="testFormPostFieldsModelNotExists" class="Weline\DataTable\Test\Unit\ApiTest" classname="Weline.DataTable.Test.Unit.ApiTest" file="E:\WelineFramework\DEV-workspace\app\code\Weline\DataTable\Test\Unit\ApiTest.php" line="440" assertions="2" time="0.000191"/>
    <testcase name="testFormPostFieldsWithExcludeFields" class="Weline\DataTable\Test\Unit\ApiTest" classname="Weline.DataTable.Test.Unit.ApiTest" file="E:\WelineFramework\DEV-workspace\app\code\Weline\DataTable\Test\Unit\ApiTest.php" line="475" assertions="1" time="0.002526"/>
    <testcase name="testFormPostRecord" class="Weline\DataTable\Test\Unit\ApiTest" classname="Weline.DataTable.Test.Unit.ApiTest" file="E:\WelineFramework\DEV-workspace\app\code\Weline\DataTable\Test\Unit\ApiTest.php" line="509" assertions="1" time="0.000535"/>
    <testcase name="testFormPostRecordMissingParams" class="Weline\DataTable\Test\Unit\ApiTest" classname="Weline.DataTable.Test.Unit.ApiTest" file="E:\WelineFramework\DEV-workspace\app\code\Weline\DataTable\Test\Unit\ApiTest.php" line="540" assertions="2" time="0.000134"/>
    <testcase name="testTrashGetDataSuccess" class="Weline\DataTable\Test\Unit\ApiTest" classname="Weline.DataTable.Test.Unit.ApiTest" file="E:\WelineFramework\DEV-workspace\app\code\Weline\DataTable\Test\Unit\ApiTest.php" line="575" assertions="1" time="0.000093"/>
    <testcase name="testTrashGetDataMissingModel" class="Weline\DataTable\Test\Unit\ApiTest" classname="Weline.DataTable.Test.Unit.ApiTest" file="E:\WelineFramework\DEV-workspace\app\code\Weline\DataTable\Test\Unit\ApiTest.php" line="603" assertions="2" time="0.000110"/>
    <testcase name="testTrashRestoreSingle" class="Weline\DataTable\Test\Unit\ApiTest" classname="Weline.DataTable.Test.Unit.ApiTest" file="E:\WelineFramework\DEV-workspace\app\code\Weline\DataTable\Test\Unit\ApiTest.php" line="636" assertions="1" time="0.000088"/>
    <testcase name="testTrashRestoreBatch" class="Weline\DataTable\Test\Unit\ApiTest" classname="Weline.DataTable.Test.Unit.ApiTest" file="E:\WelineFramework\DEV-workspace\app\code\Weline\DataTable\Test\Unit\ApiTest.php" line="662" assertions="1" time="0.000071"/>
    <testcase name="testTrashForceDeleteSingle" class="Weline\DataTable\Test\Unit\ApiTest" classname="Weline.DataTable.Test.Unit.ApiTest" file="E:\WelineFramework\DEV-workspace\app\code\Weline\DataTable\Test\Unit\ApiTest.php" line="688" assertions="1" time="0.000071"/>
    <testcase name="testTrashForceDeleteBatch" class="Weline\DataTable\Test\Unit\ApiTest" classname="Weline.DataTable.Test.Unit.ApiTest" file="E:\WelineFramework\DEV-workspace\app\code\Weline\DataTable\Test\Unit\ApiTest.php" line="714" assertions="1" time="0.000067"/>
    <testcase name="testTrashEmpty" class="Weline\DataTable\Test\Unit\ApiTest" classname="Weline.DataTable.Test.Unit.ApiTest" file="E:\WelineFramework\DEV-workspace\app\code\Weline\DataTable\Test\Unit\ApiTest.php" line="740" assertions="1" time="0.000067"/>
    <testcase name="testFormFieldLabel" class="Weline\DataTable\Test\Unit\ApiTest" classname="Weline.DataTable.Test.Unit.ApiTest" file="E:\WelineFramework\DEV-workspace\app\code\Weline\DataTable\Test\Unit\ApiTest.php" line="829" assertions="4" time="0.000056"/>
    <testcase name="testFormFieldOptions" class="Weline\DataTable\Test\Unit\ApiTest" classname="Weline.DataTable.Test.Unit.ApiTest" file="E:\WelineFramework\DEV-workspace\app\code\Weline\DataTable\Test\Unit\ApiTest.php" line="844" assertions="4" time="0.000459"/>
    <testcase name="testFormFieldValidation" class="Weline\DataTable\Test\Unit\ApiTest" classname="Weline.DataTable.Test.Unit.ApiTest" file="E:\WelineFramework\DEV-workspace\app\code\Weline\DataTable\Test\Unit\ApiTest.php" line="864" assertions="6" time="0.000192"/>
  </testsuite>
</testsuites>
