<?xml version="1.0" encoding="UTF-8"?>
<testsuites>
  <testsuite name="/Users/weline/Project/Official/框架/app/code/Weline/DataTable/Test/phpunit.xml" tests="79" assertions="555" errors="0" failures="2" skipped="0" time="0.919224">
    <testsuite name="DataTable Unit Tests" tests="79" assertions="555" errors="0" failures="2" skipped="0" time="0.919224">
      <testsuite name="Weline\DataTable\Test\Unit\DemoTableServiceTest" file="/Users/weline/Project/Official/框架/app/code/Weline/DataTable/Test/Unit/DemoTableServiceTest.php" tests="17" assertions="44" errors="0" failures="0" skipped="0" time="0.453368">
        <testcase name="testCompositeWritePlanReportsMissingRequiredFieldsWithoutProceeding" file="/Users/weline/Project/Official/框架/app/code/Weline/DataTable/Test/Unit/DemoTableServiceTest.php" line="176" class="Weline\DataTable\Test\Unit\DemoTableServiceTest" classname="Weline.DataTable.Test.Unit.DemoTableServiceTest" assertions="5" time="0.188324"/>
        <testcase name="testCompositeWritePlanShowsAllSafeFieldsDependenciesAndDefaultTransaction" file="/Users/weline/Project/Official/框架/app/code/Weline/DataTable/Test/Unit/DemoTableServiceTest.php" line="148" class="Weline\DataTable\Test\Unit\DemoTableServiceTest" classname="Weline.DataTable.Test.Unit.DemoTableServiceTest" assertions="9" time="0.203952"/>
        <testcase name="testExplicitWriteOrderCannotViolateDependencies" file="/Users/weline/Project/Official/框架/app/code/Weline/DataTable/Test/Unit/DemoTableServiceTest.php" line="193" class="Weline\DataTable\Test\Unit\DemoTableServiceTest" classname="Weline.DataTable.Test.Unit.DemoTableServiceTest" assertions="2" time="0.059132"/>
        <testsuite name="Weline\DataTable\Test\Unit\DemoTableServiceTest::testResolveFieldTypePrefersSemanticWidgetTypes" tests="7" assertions="7" errors="0" failures="0" skipped="0" time="0.000600">
          <testcase name="testResolveFieldTypePrefersSemanticWidgetTypes with data set &quot;status int uses select&quot;" file="/Users/weline/Project/Official/框架/app/code/Weline/DataTable/Test/Unit/DemoTableServiceTest.php" line="16" class="Weline\DataTable\Test\Unit\DemoTableServiceTest" classname="Weline.DataTable.Test.Unit.DemoTableServiceTest" assertions="1" time="0.000106"/>
          <testcase name="testResolveFieldTypePrefersSemanticWidgetTypes with data set &quot;payment status int uses select&quot;" file="/Users/weline/Project/Official/框架/app/code/Weline/DataTable/Test/Unit/DemoTableServiceTest.php" line="16" class="Weline\DataTable\Test\Unit\DemoTableServiceTest" classname="Weline.DataTable.Test.Unit.DemoTableServiceTest" assertions="1" time="0.000066"/>
          <testcase name="testResolveFieldTypePrefersSemanticWidgetTypes with data set &quot;order status int uses select&quot;" file="/Users/weline/Project/Official/框架/app/code/Weline/DataTable/Test/Unit/DemoTableServiceTest.php" line="16" class="Weline\DataTable\Test\Unit\DemoTableServiceTest" classname="Weline.DataTable.Test.Unit.DemoTableServiceTest" assertions="1" time="0.000061"/>
          <testcase name="testResolveFieldTypePrefersSemanticWidgetTypes with data set &quot;vip flag uses select&quot;" file="/Users/weline/Project/Official/框架/app/code/Weline/DataTable/Test/Unit/DemoTableServiceTest.php" line="16" class="Weline\DataTable\Test\Unit\DemoTableServiceTest" classname="Weline.DataTable.Test.Unit.DemoTableServiceTest" assertions="1" time="0.000165"/>
          <testcase name="testResolveFieldTypePrefersSemanticWidgetTypes with data set &quot;age stays number&quot;" file="/Users/weline/Project/Official/框架/app/code/Weline/DataTable/Test/Unit/DemoTableServiceTest.php" line="16" class="Weline\DataTable\Test\Unit\DemoTableServiceTest" classname="Weline.DataTable.Test.Unit.DemoTableServiceTest" assertions="1" time="0.000075"/>
          <testcase name="testResolveFieldTypePrefersSemanticWidgetTypes with data set &quot;photo stays image&quot;" file="/Users/weline/Project/Official/框架/app/code/Weline/DataTable/Test/Unit/DemoTableServiceTest.php" line="16" class="Weline\DataTable\Test\Unit\DemoTableServiceTest" classname="Weline.DataTable.Test.Unit.DemoTableServiceTest" assertions="1" time="0.000066"/>
          <testcase name="testResolveFieldTypePrefersSemanticWidgetTypes with data set &quot;attachment stays file&quot;" file="/Users/weline/Project/Official/框架/app/code/Weline/DataTable/Test/Unit/DemoTableServiceTest.php" line="16" class="Weline\DataTable\Test\Unit\DemoTableServiceTest" classname="Weline.DataTable.Test.Unit.DemoTableServiceTest" assertions="1" time="0.000062"/>
        </testsuite>
        <testsuite name="Weline\DataTable\Test\Unit\DemoTableServiceTest::testResolveFieldOptionsReturnsOptionLists" tests="3" assertions="16" errors="0" failures="0" skipped="0" time="0.001010">
          <testcase name="testResolveFieldOptionsReturnsOptionLists with data set &quot;user status options&quot;" file="/Users/weline/Project/Official/框架/app/code/Weline/DataTable/Test/Unit/DemoTableServiceTest.php" line="46" class="Weline\DataTable\Test\Unit\DemoTableServiceTest" classname="Weline.DataTable.Test.Unit.DemoTableServiceTest" assertions="4" time="0.000692"/>
          <testcase name="testResolveFieldOptionsReturnsOptionLists with data set &quot;order status options&quot;" file="/Users/weline/Project/Official/框架/app/code/Weline/DataTable/Test/Unit/DemoTableServiceTest.php" line="46" class="Weline\DataTable\Test\Unit\DemoTableServiceTest" classname="Weline.DataTable.Test.Unit.DemoTableServiceTest" assertions="7" time="0.000184"/>
          <testcase name="testResolveFieldOptionsReturnsOptionLists with data set &quot;payment status options&quot;" file="/Users/weline/Project/Official/框架/app/code/Weline/DataTable/Test/Unit/DemoTableServiceTest.php" line="46" class="Weline\DataTable\Test\Unit\DemoTableServiceTest" classname="Weline.DataTable.Test.Unit.DemoTableServiceTest" assertions="5" time="0.000134"/>
        </testsuite>
        <testsuite name="Weline\DataTable\Test\Unit\DemoTableServiceTest::testNormalizeSortsDefaultsToNewestRecordsFirst" tests="3" assertions="3" errors="0" failures="0" skipped="0" time="0.000286">
          <testcase name="testNormalizeSortsDefaultsToNewestRecordsFirst with data set &quot;preserves explicit sort direction&quot;" file="/Users/weline/Project/Official/框架/app/code/Weline/DataTable/Test/Unit/DemoTableServiceTest.php" line="82" class="Weline\DataTable\Test\Unit\DemoTableServiceTest" classname="Weline.DataTable.Test.Unit.DemoTableServiceTest" assertions="1" time="0.000089"/>
          <testcase name="testNormalizeSortsDefaultsToNewestRecordsFirst with data set &quot;single model defaults to id desc&quot;" file="/Users/weline/Project/Official/框架/app/code/Weline/DataTable/Test/Unit/DemoTableServiceTest.php" line="82" class="Weline\DataTable\Test\Unit\DemoTableServiceTest" classname="Weline.DataTable.Test.Unit.DemoTableServiceTest" assertions="1" time="0.000095"/>
          <testcase name="testNormalizeSortsDefaultsToNewestRecordsFirst with data set &quot;multi model defaults to main alias id desc&quot;" file="/Users/weline/Project/Official/框架/app/code/Weline/DataTable/Test/Unit/DemoTableServiceTest.php" line="82" class="Weline\DataTable\Test\Unit\DemoTableServiceTest" classname="Weline.DataTable.Test.Unit.DemoTableServiceTest" assertions="1" time="0.000102"/>
        </testsuite>
        <testcase name="testNormalizeModelConfigAllowsRelationDemoModels" file="/Users/weline/Project/Official/框架/app/code/Weline/DataTable/Test/Unit/DemoTableServiceTest.php" line="135" class="Weline\DataTable\Test\Unit\DemoTableServiceTest" classname="Weline.DataTable.Test.Unit.DemoTableServiceTest" assertions="2" time="0.000063"/>
      </testsuite>
      <testsuite name="Weline\DataTable\Test\Unit\TaglibTest" file="/Users/weline/Project/Official/框架/app/code/Weline/DataTable/Test/Unit/TaglibTest.php" tests="22" assertions="124" errors="0" failures="1" skipped="0" time="0.169340">
        <testcase name="testTableCallbackWithValidParams" file="/Users/weline/Project/Official/框架/app/code/Weline/DataTable/Test/Unit/TaglibTest.php" line="75" class="Weline\DataTable\Test\Unit\TaglibTest" classname="Weline.DataTable.Test.Unit.TaglibTest" assertions="4" time="0.087729">
          <failure type="PHPUnit\Framework\ExpectationFailedException">Weline\DataTable\Test\Unit\TaglibTest::testTableCallbackWithValidParams
Failed asserting that '&lt;script type="module" src="/Weline/Theme/view/statics/ui/components/weline-datatable.js?v=dev_341236c5ca4c&amp;amp;v=08ec97464cb8" data-w-asset="datatable-js"&gt;&lt;/script&gt;&lt;link rel="stylesheet" href="/Weline/Theme/view/statics/ui/components/weline-datatable.css?v=dev_6bbfa2d1f94c&amp;amp;v=6d08c7c9712d" data-w-asset="datatable-css"&gt;&lt;script type="module" src="/Weline/Theme/view/statics/ui/components/weline-datatable-form.js?v=dev_3e1a9e04a805&amp;amp;v=16b3e798cd27" data-w-asset="datatable-form-js"&gt;&lt;/script&gt;&lt;dialog id="w-form-dialog-form-test-table" class="w-dialog w-datatable-form" data-size="lg" data-w-component="dialog data-table-form" data-w-config="{&amp;quot;id&amp;quot;:&amp;quot;form-test-table&amp;quot;,&amp;quot;dialogId&amp;quot;:&amp;quot;w-form-dialog-form-test-table&amp;quot;,&amp;quot;model&amp;quot;:&amp;quot;Weline\\DataTable\\Model\\TestUser&amp;quot;,&amp;quot;scope&amp;quot;:&amp;quot;test-scope&amp;quot;,&amp;quot;mode&amp;quot;:&amp;quot;add&amp;quot;,&amp;quot;recordId&amp;quot;:&amp;quot;&amp;quot;,&amp;quot;formMode&amp;quot;:&amp;quot;modal&amp;quot;,&amp;quot;autoFields&amp;quot;:true,&amp;quot;excludeFields&amp;quot;:[],&amp;quot;includeFields&amp;quot;:[],&amp;quot;apiProvider&amp;quot;:&amp;quot;datatable&amp;quot;,&amp;quot;resource&amp;quot;:&amp;quot;demo.users&amp;quot;,&amp;quot;operations&amp;quot;:{&amp;quot;formFields&amp;quot;:&amp;quot;formFields&amp;quot;,&amp;quot;metadata&amp;quot;:&amp;quot;metadata&amp;quot;,&amp;quot;formRecord&amp;quot;:&amp;quot;formRecord&amp;quot;,&amp;quot;create&amp;quot;:&amp;quot;create&amp;quot;,&amp;quot;update&amp;quot;:&amp;quot;update&amp;quot;,&amp;quot;saveData&amp;quot;:&amp;quot;saveData&amp;quot;,&amp;quot;previewWrite&amp;quot;:&amp;quot;previewWrite&amp;quot;,&amp;quot;executeWrite&amp;quot;:&amp;quot;executeWrite&amp;quot;},&amp;quot;dependencies&amp;quot;:&amp;quot;&amp;quot;,&amp;quot;transaction&amp;quot;:false,&amp;quot;writeOrder&amp;quot;:&amp;quot;&amp;quot;,&amp;quot;compositeWrite&amp;quot;:false,&amp;quot;modelConfig&amp;quot;:{&amp;quot;models&amp;quot;:{&amp;quot;TestUser&amp;quot;:&amp;quot;Weline\\DataTable\\Model\\TestUser&amp;quot;},&amp;quot;main_model&amp;quot;:&amp;quot;Weline\\DataTable\\Model\\TestUser&amp;quot;,&amp;quot;aliases&amp;quot;:{&amp;quot;Weline\\DataTable\\Model\\TestUser&amp;quot;:&amp;quot;TestUser&amp;quot;}},&amp;quot;capabilities&amp;quot;:{&amp;quot;read&amp;quot;:true,&amp;quot;create&amp;quot;:true,&amp;quot;update&amp;quot;:true,&amp;quot;delete&amp;quot;:true,&amp;quot;export&amp;quot;:true,&amp;quot;preferences&amp;quot;:true,&amp;quot;composite_write&amp;quot;:false},&amp;quot;readOnly&amp;quot;:false,&amp;quot;confirmWrite&amp;quot;:false,&amp;quot;requiresWritePlan&amp;quot;:false,&amp;quot;planDialogId&amp;quot;:&amp;quot;w-datatable-write-plan-form-test-table&amp;quot;,&amp;quot;hasExplicitSubmit&amp;quot;:false}" aria-labelledby="w-form-dialog-form-test-table-title"&gt;\n
    &lt;header class="w-dialog__header"&gt;\n
        &lt;h2 id="w-form-dialog-form-test-table-title" data-w-datatable-form-title&gt;新增记录&lt;/h2&gt;\n
        &lt;button type="button" class="w-button" data-tone="quiet" data-size="sm" data-w-action="dialog.close" data-w-target="#w-form-dialog-form-test-table" aria-label="关闭"&gt;×&lt;/button&gt;\n
    &lt;/header&gt;\n
    &lt;div class="w-dialog__body"&gt;&lt;form id="form-test-table" class="w-form" data-layout="" autocomplete="off"&gt;\n
    \n
    &lt;div class="w-datatable-form__fields" data-w-datatable-form-fields&gt;&lt;div class="w-datatable-form__auto-fields" data-w-datatable-form-auto&gt;&lt;div class="w-skeleton" role="status"&gt;正在加载字段…&lt;/div&gt;&lt;/div&gt;&lt;/div&gt;\n
    &lt;div class="w-datatable-form__message" data-w-datatable-form-message role="status" aria-live="polite" hidden&gt;&lt;/div&gt;\n
&lt;/form&gt;&lt;/div&gt;\n
    &lt;footer class="w-dialog__footer"&gt;\n
        &lt;button type="button" class="w-button" data-tone="neutral" data-w-action="dialog.close" data-w-target="#w-form-dialog-form-test-table"&gt;取消&lt;/button&gt;\n
        &lt;button type="reset" class="w-button" data-tone="quiet" form="form-test-table"&gt;重置&lt;/button&gt;\n
        &lt;button type="submit" class="w-button" form="form-test-table"&gt;保存&lt;/button&gt;\n
    &lt;/footer&gt;\n
&lt;/dialog&gt;&lt;section id="w-datatable-test-table" class="w-datatable" data-w-component="data-table" data-w-config="{&amp;quot;id&amp;quot;:&amp;quot;test-table&amp;quot;,&amp;quot;model&amp;quot;:&amp;quot;Weline\\DataTable\\Model\\TestUser&amp;quot;,&amp;quot;scope&amp;quot;:&amp;quot;test-scope&amp;quot;,&amp;quot;join&amp;quot;:&amp;quot;&amp;quot;,&amp;quot;modelConfig&amp;quot;:{&amp;quot;models&amp;quot;:{&amp;quot;TestUser&amp;quot;:&amp;quot;Weline\\DataTable\\Model\\TestUser&amp;quot;},&amp;quot;main_model&amp;quot;:&amp;quot;Weline\\DataTable\\Model\\TestUser&amp;quot;,&amp;quot;aliases&amp;quot;:{&amp;quot;Weline\\DataTable\\Model\\TestUser&amp;quot;:&amp;quot;TestUser&amp;quot;}},&amp;quot;joinConfig&amp;quot;:{&amp;quot;joins&amp;quot;:[]},&amp;quot;apiProvider&amp;quot;:&amp;quot;datatable&amp;quot;,&amp;quot;resource&amp;quot;:&amp;quot;demo.users&amp;quot;,&amp;quot;mode&amp;quot;:&amp;quot;api&amp;quot;,&amp;quot;selectable&amp;quot;:false,&amp;quot;showActions&amp;quot;:true,&amp;quot;selectField&amp;quot;:&amp;quot;id&amp;quot;,&amp;quot;localDataEl&amp;quot;:&amp;quot;&amp;quot;,&amp;quot;rowActions&amp;quot;:[],&amp;quot;operations&amp;quot;:{&amp;quot;data&amp;quot;:&amp;quot;data&amp;quot;,&amp;quot;fields&amp;quot;:&amp;quot;fields&amp;quot;,&amp;quot;metadata&amp;quot;:&amp;quot;metadata&amp;quot;,&amp;quot;saveConfig&amp;quot;:&amp;quot;saveConfig&amp;quot;,&amp;quot;clearConfig&amp;quot;:&amp;quot;clearConfig&amp;quot;,&amp;quot;saveData&amp;quot;:&amp;quot;saveData&amp;quot;,&amp;quot;deleteData&amp;quot;:&amp;quot;deleteData&amp;quot;,&amp;quot;exportData&amp;quot;:&amp;quot;exportData&amp;quot;,&amp;quot;previewWrite&amp;quot;:&amp;quot;previewWrite&amp;quot;,&amp;quot;executeWrite&amp;quot;:&amp;quot;executeWrite&amp;quot;},&amp;quot;dependencies&amp;quot;:&amp;quot;&amp;quot;,&amp;quot;transaction&amp;quot;:false,&amp;quot;editable&amp;quot;:false,&amp;quot;inlineEdit&amp;quot;:true,&amp;quot;modalEdit&amp;quot;:true,&amp;quot;searchable&amp;quot;:true,&amp;quot;sortable&amp;quot;:true,&amp;quot;pageSize&amp;quot;:20,&amp;quot;showPagination&amp;quot;:true,&amp;quot;showToolbar&amp;quot;:true,&amp;quot;showConfig&amp;quot;:true,&amp;quot;stickyActions&amp;quot;:true,&amp;quot;autoGenerated&amp;quot;:true,&amp;quot;formId&amp;quot;:&amp;quot;form-test-table&amp;quot;,&amp;quot;filterMode&amp;quot;:&amp;quot;ajax&amp;quot;,&amp;quot;filterAdvanced&amp;quot;:false,&amp;quot;filterCollapsible&amp;quot;:false,&amp;quot;confirmWrite&amp;quot;:false,&amp;quot;compositeWrite&amp;quot;:false,&amp;quot;writeOrder&amp;quot;:&amp;quot;&amp;quot;,&amp;quot;capabilities&amp;quot;:{&amp;quot;read&amp;quot;:true,&amp;quot;create&amp;quot;:true,&amp;quot;update&amp;quot;:true,&amp;quot;delete&amp;quot;:true,&amp;quot;export&amp;quot;:true,&amp;quot;preferences&amp;quot;:true,&amp;quot;composite_write&amp;quot;:false}}"&gt;\n
    &lt;header class="w-datatable__toolbar"&gt;\n
        &lt;div class="w-cluster" data-align="center"&gt;\n
            &lt;div class="w-datatable__title"&gt;&lt;w-icon name="table" size="sm"&gt;&lt;/w-icon&gt;&lt;span class="w-badge" data-tone="info"&gt;自动生成&lt;/span&gt;&lt;/div&gt;\n
            &lt;button type="button" class="w-button" data-size="sm" data-w-datatable-action="form.open" data-w-target="#w-form-dialog-form-test-table"&gt;&lt;w-icon name="plus" size="sm"&gt;&lt;/w-icon&gt;&lt;span&gt;新增&lt;/span&gt;&lt;/button&gt;\n
            &lt;button type="button" class="w-button" data-tone="neutral" data-size="sm" data-w-datatable-action="config.open" data-w-target="#w-datatable-config-test-table"&gt;&lt;w-icon name="settings" size="sm"&gt;&lt;/w-icon&gt;&lt;span&gt;字段配置&lt;/span&gt;&lt;/button&gt;\n
            &lt;button type="button" class="w-button" data-tone="neutral" data-size="sm" data-w-datatable-action="reload"&gt;&lt;w-icon name="refresh" size="sm"&gt;&lt;/w-icon&gt;&lt;span&gt;刷新&lt;/span&gt;&lt;/button&gt;\n
        &lt;/div&gt;\n
        &lt;form class="w-datatable__search" role="search" method="get" data-w-datatable-search-form&gt;&lt;label class="w-visually-hidden" for="w-datatable-search-test-table"&gt;搜索表格&lt;/label&gt;&lt;w-icon name="search" size="sm"&gt;&lt;/w-icon&gt;&lt;input id="w-datatable-search-test-table" class="w-input" type="search" name="search" autocomplete="off" placeholder="搜索表格" data-w-datatable-search&gt;&lt;/form&gt;\n
        &lt;div class="w-cluster" data-align="center"&gt;\n
            &lt;details class="w-menu-root w-datatable__menu"&gt;&lt;summary class="w-button" data-tone="neutral" data-size="sm"&gt;&lt;w-icon name="download" size="sm"&gt;&lt;/w-icon&gt;&lt;span&gt;导出&lt;/span&gt;&lt;/summary&gt;&lt;div class="w-menu w-menu__panel"&gt;&lt;button type="button" class="w-menu__item" data-w-datatable-action="export" data-format="excel"&gt;Excel&lt;/button&gt;&lt;button type="button" class="w-menu__item" data-w-datatable-action="export" data-format="csv"&gt;CSV&lt;/button&gt;&lt;button type="button" class="w-menu__item" data-w-datatable-action="export" data-format="json"&gt;JSON&lt;/button&gt;&lt;/div&gt;&lt;/details&gt;\n
            &lt;dl class="w-datatable__stats" aria-live="polite"&gt;\n
                &lt;div&gt;&lt;dt&gt;总记录&lt;/dt&gt;&lt;dd data-w-datatable-total&gt;-&lt;/dd&gt;&lt;/div&gt;\n
                &lt;div&gt;&lt;dt&gt;当前显示&lt;/dt&gt;&lt;dd data-w-datatable-visible&gt;-&lt;/dd&gt;&lt;/div&gt;\n
            &lt;/dl&gt;\n
        &lt;/div&gt;\n
    &lt;/header&gt;\n
    &lt;div class="w-datatable__status" data-w-datatable-status role="status" aria-live="polite" hidden&gt;&lt;/div&gt;\n
    &lt;div class="w-table-wrap w-datatable__viewport"&gt;&lt;table class="w-table w-test-class" id="test-table" data-w-sticky-end&gt;&lt;thead class="w-datatable__head" data-scope="test-scope-header"&gt;&lt;tr&gt;&lt;th data-field="id" data-sortable="true" data-w-field="{&amp;quot;name&amp;quot;:&amp;quot;id&amp;quot;,&amp;quot;belong&amp;quot;:&amp;quot;t-header&amp;quot;,&amp;quot;label&amp;quot;:&amp;quot;ID&amp;quot;,&amp;quot;type&amp;quot;:&amp;quot;number&amp;quot;,&amp;quot;placeholder&amp;quot;:&amp;quot;请输入ID&amp;quot;,&amp;quot;options&amp;quot;:[],&amp;quot;class&amp;quot;:&amp;quot;&amp;quot;,&amp;quot;sortable&amp;quot;:true,&amp;quot;visible&amp;quot;:true,&amp;quot;editable&amp;quot;:false,&amp;quot;searchable&amp;quot;:true,&amp;quot;required&amp;quot;:false,&amp;quot;readonly&amp;quot;:false,&amp;quot;disabled&amp;quot;:false,&amp;quot;multiple&amp;quot;:false,&amp;quot;default&amp;quot;:&amp;quot;&amp;quot;,&amp;quot;min&amp;quot;:&amp;quot;&amp;quot;,&amp;quot;max&amp;quot;:&amp;quot;&amp;quot;,&amp;quot;maxlength&amp;quot;:&amp;quot;&amp;quot;,&amp;quot;step&amp;quot;:&amp;quot;&amp;quot;,&amp;quot;width&amp;quot;:&amp;quot;&amp;quot;,&amp;quot;maxSize&amp;quot;:&amp;quot;&amp;quot;,&amp;quot;formId&amp;quot;:&amp;quot;test-scope-header&amp;quot;}"&gt;&lt;button type="button" class="w-datatable__sort" data-w-datatable-action="sort" data-field="id" aria-label="按ID排序"&gt;&lt;span&gt;ID&lt;/span&gt;&lt;w-icon name="sort" size="xs"&gt;&lt;/w-icon&gt;&lt;/button&gt;&lt;/th&gt;&lt;/tr&gt;&lt;/thead&gt;&lt;tbody class="w-datatable__filters" data-scope="test-scope-filter" data-filter-mode="ajax" data-filter-display="simple"&gt;&lt;tr&gt;&lt;td colspan="100"&gt;&lt;form class="w-datatable__filter" method="get" data-w-datatable-filter data-filter-mode="ajax" data-filter-display="simple"&gt;&lt;div class="w-cluster"&gt;&lt;div class="w-datatable__filter-field" data-field="id" data-w-field="{&amp;quot;name&amp;quot;:&amp;quot;id&amp;quot;,&amp;quot;belong&amp;quot;:&amp;quot;t-filter&amp;quot;,&amp;quot;label&amp;quot;:&amp;quot;Id&amp;quot;,&amp;quot;type&amp;quot;:&amp;quot;search&amp;quot;,&amp;quot;placeholder&amp;quot;:&amp;quot;请输入Id&amp;quot;,&amp;quot;options&amp;quot;:[],&amp;quot;class&amp;quot;:&amp;quot;&amp;quot;,&amp;quot;sortable&amp;quot;:false,&amp;quot;visible&amp;quot;:false,&amp;quot;editable&amp;quot;:false,&amp;quot;searchable&amp;quot;:true,&amp;quot;required&amp;quot;:false,&amp;quot;readonly&amp;quot;:false,&amp;quot;disabled&amp;quot;:false,&amp;quot;multiple&amp;quot;:false,&amp;quot;default&amp;quot;:&amp;quot;&amp;quot;,&amp;quot;min&amp;quot;:&amp;quot;&amp;quot;,&amp;quot;max&amp;quot;:&amp;quot;&amp;quot;,&amp;quot;maxlength&amp;quot;:&amp;quot;&amp;quot;,&amp;quot;step&amp;quot;:&amp;quot;&amp;quot;,&amp;quot;width&amp;quot;:&amp;quot;&amp;quot;,&amp;quot;maxSize&amp;quot;:&amp;quot;&amp;quot;,&amp;quot;formId&amp;quot;:&amp;quot;test-scope-filter&amp;quot;}"&gt;&lt;label class="w-visually-hidden" for="w-filter-id"&gt;Id&lt;/label&gt;&lt;input type="search" class="w-input" id="w-filter-id" name="filter[id]" data-field="id" placeholder="请输入Id"&gt;&lt;/div&gt;&lt;button type="reset" class="w-button" data-tone="neutral" data-size="sm"&gt;重置&lt;/button&gt;&lt;/div&gt;&lt;/form&gt;&lt;/td&gt;&lt;/tr&gt;&lt;/tbody&gt;&lt;tbody class="w-datatable__body" data-scope="test-scope-body"&gt;&lt;/tbody&gt;&lt;tfoot class="w-datatable__footer" data-scope="test-scope-footer"&gt;&lt;tr&gt;&lt;td colspan="100"&gt;&lt;div class="w-datatable__footer-content"&gt;&lt;p class="w-datatable__summary" data-w-datatable-summary&gt;&lt;/p&gt;&lt;div class="w-datatable__footer-slot"&gt;&lt;/div&gt;&lt;div class="w-datatable__pagination-controls"&gt;&lt;label class="w-datatable__page-size"&gt;&lt;span&gt;每页显示&lt;/span&gt;&lt;select class="w-select" data-w-datatable-page-size&gt;&lt;option value="10"&gt;10&lt;/option&gt;&lt;option value="20" selected&gt;20&lt;/option&gt;&lt;option value="50"&gt;50&lt;/option&gt;&lt;option value="100"&gt;100&lt;/option&gt;&lt;/select&gt;&lt;/label&gt;&lt;nav class="w-pagination" data-w-datatable-pagination aria-label="分页"&gt;&lt;/nav&gt;&lt;/div&gt;&lt;/div&gt;&lt;/td&gt;&lt;/tr&gt;&lt;/tfoot&gt;&lt;/table&gt;&lt;/div&gt;\n
&lt;/section&gt;\n
&lt;dialog id="w-datatable-config-test-table" class="w-dialog w-datatable__config" data-size="lg" data-w-component="dialog" aria-labelledby="w-datatable-config-test-table-title"&gt;\n
    &lt;header class="w-dialog__header"&gt;\n
        &lt;h2 id="w-datatable-config-test-table-title"&gt;&lt;w-icon name="settings" size="sm"&gt;&lt;/w-icon&gt; 字段配置&lt;/h2&gt;\n
        &lt;button type="button" class="w-button" data-tone="quiet" data-size="sm" data-w-action="dialog.close" data-w-target="#w-datatable-config-test-table" aria-label="关闭"&gt;×&lt;/button&gt;\n
    &lt;/header&gt;\n
    &lt;div class="w-dialog__body"&gt;\n
        &lt;div class="w-tabs" data-w-component="tabs"&gt;\n
            &lt;div class="w-tabs__list" role="tablist" aria-label="字段配置"&gt;\n
                &lt;button type="button" class="w-tabs__tab" role="tab" id="w-datatable-columns-test-table-tab" aria-controls="w-datatable-columns-test-table" aria-selected="true"&gt;显示字段&lt;/button&gt;\n
                &lt;button type="button" class="w-tabs__tab" role="tab" id="w-datatable-filters-test-table-tab" aria-controls="w-datatable-filters-test-table" aria-selected="false" tabindex="-1"&gt;筛选字段&lt;/button&gt;\n
            &lt;/div&gt;\n
            &lt;section class="w-tabs__panel" id="w-datatable-columns-test-table" role="tabpanel" aria-labelledby="w-datatable-columns-test-table-tab"&gt;&lt;div class="w-transfer" data-w-datatable-fields="display"&gt;&lt;/div&gt;&lt;/section&gt;\n
            &lt;section class="w-tabs__panel" id="w-datatable-filters-test-table" role="tabpanel" aria-labelledby="w-datatable-filters-test-table-tab" hidden&gt;&lt;div class="w-transfer" data-w-datatable-fields="filter"&gt;&lt;/div&gt;&lt;/section&gt;\n
        &lt;/div&gt;\n
    &lt;/div&gt;\n
    &lt;footer class="w-dialog__footer"&gt;\n
        &lt;button type="button" class="w-button" data-tone="quiet" data-w-datatable-action="config.clear"&gt;重置&lt;/button&gt;\n
        &lt;button type="button" class="w-button" data-tone="neutral" data-w-action="dialog.close" data-w-target="#w-datatable-config-test-table"&gt;取消&lt;/button&gt;\n
        &lt;button type="button" class="w-button" data-w-datatable-action="config.save"&gt;保存&lt;/button&gt;\n
    &lt;/footer&gt;\n
&lt;/dialog&gt;' [UTF-8](length: 13477) contains "Weline\DataTable\Model\TestUser" [ASCII](length: 31).

/Users/weline/Project/Official/框架/app/code/Weline/DataTable/Test/Unit/TaglibTest.php:91</failure>
        </testcase>
        <testcase name="testTableTagBasicFunctionality" file="/Users/weline/Project/Official/框架/app/code/Weline/DataTable/Test/Unit/TaglibTest.php" line="38" class="Weline\DataTable\Test\Unit\TaglibTest" classname="Weline.DataTable.Test.Unit.TaglibTest" assertions="9" time="0.001085"/>
        <testcase name="testTableCallback" file="/Users/weline/Project/Official/框架/app/code/Weline/DataTable/Test/Unit/TaglibTest.php" line="60" class="Weline\DataTable\Test\Unit\TaglibTest" classname="Weline.DataTable.Test.Unit.TaglibTest" assertions="3" time="0.001445"/>
        <testcase name="testTableHeaderTag" file="/Users/weline/Project/Official/框架/app/code/Weline/DataTable/Test/Unit/TaglibTest.php" line="97" class="Weline\DataTable\Test\Unit\TaglibTest" classname="Weline.DataTable.Test.Unit.TaglibTest" assertions="3" time="0.000072"/>
        <testcase name="testTableFilterTag" file="/Users/weline/Project/Official/框架/app/code/Weline/DataTable/Test/Unit/TaglibTest.php" line="109" class="Weline\DataTable\Test\Unit\TaglibTest" classname="Weline.DataTable.Test.Unit.TaglibTest" assertions="3" time="0.000060"/>
        <testcase name="testFieldTag" file="/Users/weline/Project/Official/框架/app/code/Weline/DataTable/Test/Unit/TaglibTest.php" line="121" class="Weline\DataTable\Test\Unit\TaglibTest" classname="Weline.DataTable.Test.Unit.TaglibTest" assertions="4" time="0.000060"/>
        <testcase name="testFormTag" file="/Users/weline/Project/Official/框架/app/code/Weline/DataTable/Test/Unit/TaglibTest.php" line="132" class="Weline\DataTable\Test\Unit\TaglibTest" classname="Weline.DataTable.Test.Unit.TaglibTest" assertions="7" time="0.000099"/>
        <testcase name="testTableContext" file="/Users/weline/Project/Official/框架/app/code/Weline/DataTable/Test/Unit/TaglibTest.php" line="350" class="Weline\DataTable\Test\Unit\TaglibTest" classname="Weline.DataTable.Test.Unit.TaglibTest" assertions="4" time="0.000075"/>
        <testcase name="testAttributeInheritance" file="/Users/weline/Project/Official/框架/app/code/Weline/DataTable/Test/Unit/TaglibTest.php" line="378" class="Weline\DataTable\Test\Unit\TaglibTest" classname="Weline.DataTable.Test.Unit.TaglibTest" assertions="4" time="0.000064"/>
        <testcase name="testMultiModelConfigParsing" file="/Users/weline/Project/Official/框架/app/code/Weline/DataTable/Test/Unit/TaglibTest.php" line="429" class="Weline\DataTable\Test\Unit\TaglibTest" classname="Weline.DataTable.Test.Unit.TaglibTest" assertions="6" time="0.000379"/>
        <testcase name="testJoinConfigParsing" file="/Users/weline/Project/Official/框架/app/code/Weline/DataTable/Test/Unit/TaglibTest.php" line="451" class="Weline\DataTable\Test\Unit\TaglibTest" classname="Weline.DataTable.Test.Unit.TaglibTest" assertions="17" time="0.000189"/>
        <testcase name="testDefaultFieldGeneration" file="/Users/weline/Project/Official/框架/app/code/Weline/DataTable/Test/Unit/TaglibTest.php" line="486" class="Weline\DataTable\Test\Unit\TaglibTest" classname="Weline.DataTable.Test.Unit.TaglibTest" assertions="4" time="0.000089"/>
        <testcase name="testTagRegistration" file="/Users/weline/Project/Official/框架/app/code/Weline/DataTable/Test/Unit/TaglibTest.php" line="506" class="Weline\DataTable\Test\Unit\TaglibTest" classname="Weline.DataTable.Test.Unit.TaglibTest" assertions="25" time="0.000154"/>
        <testcase name="testInvalidFieldType" file="/Users/weline/Project/Official/框架/app/code/Weline/DataTable/Test/Unit/TaglibTest.php" line="322" class="Weline\DataTable\Test\Unit\TaglibTest" classname="Weline.DataTable.Test.Unit.TaglibTest" assertions="2" time="0.000975"/>
        <testcase name="testRequiredAttributeValidation" file="/Users/weline/Project/Official/框架/app/code/Weline/DataTable/Test/Unit/TaglibTest.php" line="412" class="Weline\DataTable\Test\Unit\TaglibTest" classname="Weline.DataTable.Test.Unit.TaglibTest" assertions="1" time="0.000946"/>
        <testcase name="testFormTitlePriority" file="/Users/weline/Project/Official/框架/app/code/Weline/DataTable/Test/Unit/TaglibTest.php" line="173" class="Weline\DataTable\Test\Unit\TaglibTest" classname="Weline.DataTable.Test.Unit.TaglibTest" assertions="1" time="0.001225"/>
        <testcase name="testFormModeAttribute" file="/Users/weline/Project/Official/框架/app/code/Weline/DataTable/Test/Unit/TaglibTest.php" line="149" class="Weline\DataTable\Test\Unit\TaglibTest" classname="Weline.DataTable.Test.Unit.TaglibTest" assertions="1" time="0.002962"/>
        <testcase name="testFieldTypeValidation" file="/Users/weline/Project/Official/框架/app/code/Weline/DataTable/Test/Unit/TaglibTest.php" line="274" class="Weline\DataTable\Test\Unit\TaglibTest" classname="Weline.DataTable.Test.Unit.TaglibTest" assertions="12" time="0.008918"/>
        <testcase name="testFormInsideTableButtonLogic" file="/Users/weline/Project/Official/框架/app/code/Weline/DataTable/Test/Unit/TaglibTest.php" line="236" class="Weline\DataTable\Test\Unit\TaglibTest" classname="Weline.DataTable.Test.Unit.TaglibTest" assertions="3" time="0.005545"/>
        <testcase name="testShowTriggerButtonAttribute" file="/Users/weline/Project/Official/框架/app/code/Weline/DataTable/Test/Unit/TaglibTest.php" line="199" class="Weline\DataTable\Test\Unit\TaglibTest" classname="Weline.DataTable.Test.Unit.TaglibTest" assertions="2" time="0.004947"/>
        <testcase name="testTableChildTagsAreCompiledToHtmlSections" file="/Users/weline/Project/Official/框架/app/code/Weline/DataTable/Test/Unit/TaglibTest.php" line="562" class="Weline\DataTable\Test\Unit\TaglibTest" classname="Weline.DataTable.Test.Unit.TaglibTest" assertions="6" time="0.025323"/>
        <testcase name="testTagRenderingInTemplate" file="/Users/weline/Project/Official/框架/app/code/Weline/DataTable/Test/Unit/TaglibTest.php" line="535" class="Weline\DataTable\Test\Unit\TaglibTest" classname="Weline.DataTable.Test.Unit.TaglibTest" assertions="3" time="0.026998"/>
      </testsuite>
      <testsuite name="Weline\DataTable\Test\Unit\TaglibFrontendContractTest" file="/Users/weline/Project/Official/框架/app/code/Weline/DataTable/Test/Unit/TaglibFrontendContractTest.php" tests="9" assertions="75" errors="0" failures="0" skipped="0" time="0.132657">
        <testcase name="testStandaloneFormLoadsOnlyItsOwnedComponentBundle" file="/Users/weline/Project/Official/框架/app/code/Weline/DataTable/Test/Unit/TaglibFrontendContractTest.php" line="154" class="Weline\DataTable\Test\Unit\TaglibFrontendContractTest" classname="Weline.DataTable.Test.Unit.TaglibFrontendContractTest" assertions="6" time="0.008267"/>
        <testcase name="testTableAttrExposesFrontendContract" file="/Users/weline/Project/Official/框架/app/code/Weline/DataTable/Test/Unit/TaglibFrontendContractTest.php" line="33" class="Weline\DataTable\Test\Unit\TaglibFrontendContractTest" classname="Weline.DataTable.Test.Unit.TaglibFrontendContractTest" assertions="15" time="0.000290"/>
        <testcase name="testFormAttrExposesFrontendContract" file="/Users/weline/Project/Official/框架/app/code/Weline/DataTable/Test/Unit/TaglibFrontendContractTest.php" line="54" class="Weline\DataTable\Test\Unit\TaglibFrontendContractTest" classname="Weline.DataTable.Test.Unit.TaglibFrontendContractTest" assertions="11" time="0.000185"/>
        <testcase name="testStandaloneFormFieldUsesRenderStackContext" file="/Users/weline/Project/Official/框架/app/code/Weline/DataTable/Test/Unit/TaglibFrontendContractTest.php" line="249" class="Weline\DataTable\Test\Unit\TaglibFrontendContractTest" classname="Weline.DataTable.Test.Unit.TaglibFrontendContractTest" assertions="5" time="0.001827"/>
        <testcase name="testLocalModeDisablesRemoteMutationAndExportCapabilities" file="/Users/weline/Project/Official/框架/app/code/Weline/DataTable/Test/Unit/TaglibFrontendContractTest.php" line="227" class="Weline\DataTable\Test\Unit\TaglibFrontendContractTest" classname="Weline.DataTable.Test.Unit.TaglibFrontendContractTest" assertions="8" time="0.023342"/>
        <testcase name="testTableDimensionsUseValidatedScalarAttributesWithoutInlineStyle" file="/Users/weline/Project/Official/框架/app/code/Weline/DataTable/Test/Unit/TaglibFrontendContractTest.php" line="130" class="Weline\DataTable\Test\Unit\TaglibFrontendContractTest" classname="Weline.DataTable.Test.Unit.TaglibFrontendContractTest" assertions="6" time="0.021485"/>
        <testcase name="testTableCallbackEmitsProviderOperationsAndModelConfig" file="/Users/weline/Project/Official/框架/app/code/Weline/DataTable/Test/Unit/TaglibFrontendContractTest.php" line="71" class="Weline\DataTable\Test\Unit\TaglibFrontendContractTest" classname="Weline.DataTable.Test.Unit.TaglibFrontendContractTest" assertions="12" time="0.025158"/>
        <testcase name="testTaglibPreservesExplicitAliasPrefixedHeaderFields" file="/Users/weline/Project/Official/框架/app/code/Weline/DataTable/Test/Unit/TaglibFrontendContractTest.php" line="105" class="Weline\DataTable\Test\Unit\TaglibFrontendContractTest" classname="Weline.DataTable.Test.Unit.TaglibFrontendContractTest" assertions="3" time="0.038641"/>
        <testcase name="testFormCallbackInheritsFrontendOptionsFromTableContext" file="/Users/weline/Project/Official/框架/app/code/Weline/DataTable/Test/Unit/TaglibFrontendContractTest.php" line="177" class="Weline\DataTable\Test\Unit\TaglibFrontendContractTest" classname="Weline.DataTable.Test.Unit.TaglibFrontendContractTest" assertions="9" time="0.013463"/>
      </testsuite>
      <testsuite name="Weline\DataTable\Test\Unit\UiTwoRouteContractTest" file="/Users/weline/Project/Official/框架/app/code/Weline/DataTable/Test/Unit/UiTwoRouteContractTest.php" tests="3" assertions="107" errors="0" failures="1" skipped="0" time="0.005105">
        <testcase name="testDemoRoutesUseOnlyWelineUiWithoutCompatibilityGlobalsOrInlineUi" file="/Users/weline/Project/Official/框架/app/code/Weline/DataTable/Test/Unit/UiTwoRouteContractTest.php" line="11" class="Weline\DataTable\Test\Unit\UiTwoRouteContractTest" classname="Weline.DataTable.Test.Unit.UiTwoRouteContractTest" assertions="15" time="0.001452">
          <failure type="PHPUnit\Framework\ExpectationFailedException">Weline\DataTable\Test\Unit\UiTwoRouteContractTest::testDemoRoutesUseOnlyWelineUiWithoutCompatibilityGlobalsOrInlineUi
/Users/weline/Project/Official/框架//app/code/Weline/DataTable/view/templates/frontend/test/_api-bootstrap.phtml
Failed asserting that '&lt;script&gt;\n
    (function () {\n
        window.__WelineThemeConfig = Object.assign(window.__WelineThemeConfig || {}, {\n
            modulesConfigUrl: '/Weline/Frontend/view/statics/base/weline.modules.js',\n
            modulesBaseUrl: '/Weline/Frontend/view/statics/js/weline-api',\n
            api: {\n
                workerUrl: '/Weline/Frontend/view/statics/js/weline-api-worker.js',\n
                endpoint: '/api/framework/query-bin',\n
                queryBinUrl: '/api/framework/query-bin'\n
            }\n
        });\n
        window.modulesConfigUrl = window.__WelineThemeConfig.modulesConfigUrl;\n
        window.WelineApiConfig = Object.assign(window.WelineApiConfig || {}, window.__WelineThemeConfig.api);\n
\n
        if (!document.getElementById('weline-theme-js')) {\n
            var script = document.createElement('script');\n
            script.id = 'weline-theme-js';\n
            script.src = '/Weline/Theme/view/theme/frontend/assets/js/theme.js?v=20260517-api-loader-2';\n
            script.async = false;\n
            document.head.appendChild(script);\n
        }\n
    })();\n
&lt;/script&gt;\n
' does not match PCRE pattern "/&lt;script(?!\s+type="(?:module|application\/json)")/i".

/Users/weline/Project/Official/框架/app/code/Weline/DataTable/Test/Unit/UiTwoRouteContractTest.php:32</failure>
        </testcase>
        <testcase name="testDemoMigrationPreservesEveryOriginalCapabilityScenario" file="/Users/weline/Project/Official/框架/app/code/Weline/DataTable/Test/Unit/UiTwoRouteContractTest.php" line="57" class="Weline\DataTable\Test\Unit\UiTwoRouteContractTest" classname="Weline.DataTable.Test.Unit.UiTwoRouteContractTest" assertions="30" time="0.001177"/>
        <testcase name="testBackendDemoRoutesUseTheSameWelineUiShellWithoutLosingTools" file="/Users/weline/Project/Official/框架/app/code/Weline/DataTable/Test/Unit/UiTwoRouteContractTest.php" line="97" class="Weline\DataTable\Test\Unit\UiTwoRouteContractTest" classname="Weline.DataTable.Test.Unit.UiTwoRouteContractTest" assertions="62" time="0.002475"/>
      </testsuite>
      <testsuite name="Weline\DataTable\Test\Unit\ApiTest" file="/Users/weline/Project/Official/框架/app/code/Weline/DataTable/Test/Unit/ApiTest.php" tests="5" assertions="17" errors="0" failures="0" skipped="0" time="0.007170">
        <testcase name="testDataTableException" file="/Users/weline/Project/Official/框架/app/code/Weline/DataTable/Test/Unit/ApiTest.php" line="16" class="Weline\DataTable\Test\Unit\ApiTest" classname="Weline.DataTable.Test.Unit.ApiTest" assertions="2" time="0.000521"/>
        <testcase name="testErrorHandler" file="/Users/weline/Project/Official/框架/app/code/Weline/DataTable/Test/Unit/ApiTest.php" line="23" class="Weline\DataTable\Test\Unit\ApiTest" classname="Weline.DataTable.Test.Unit.ApiTest" assertions="3" time="0.000914"/>
        <testcase name="testValidationManager" file="/Users/weline/Project/Official/框架/app/code/Weline/DataTable/Test/Unit/ApiTest.php" line="33" class="Weline\DataTable\Test\Unit\ApiTest" classname="Weline.DataTable.Test.Unit.ApiTest" assertions="3" time="0.000808"/>
        <testcase name="testPermissionManager" file="/Users/weline/Project/Official/框架/app/code/Weline/DataTable/Test/Unit/ApiTest.php" line="59" class="Weline\DataTable\Test\Unit\ApiTest" classname="Weline.DataTable.Test.Unit.ApiTest" assertions="3" time="0.000362"/>
        <testcase name="testDataTableFieldTypeValidation" file="/Users/weline/Project/Official/框架/app/code/Weline/DataTable/Test/Unit/ApiTest.php" line="66" class="Weline\DataTable\Test\Unit\ApiTest" classname="Weline.DataTable.Test.Unit.ApiTest" assertions="6" time="0.004566"/>
      </testsuite>
      <testsuite name="Weline\DataTable\Test\Unit\BackendAdminPageServiceTest" file="/Users/weline/Project/Official/框架/app/code/Weline/DataTable/Test/Unit/BackendAdminPageServiceTest.php" tests="4" assertions="24" errors="0" failures="0" skipped="0" time="0.089728">
        <testcase name="testDocumentationPageDataFallsBackToQuickstartWhenKeyIsUnknown" file="/Users/weline/Project/Official/框架/app/code/Weline/DataTable/Test/Unit/BackendAdminPageServiceTest.php" line="28" class="Weline\DataTable\Test\Unit\BackendAdminPageServiceTest" classname="Weline.DataTable.Test.Unit.BackendAdminPageServiceTest" assertions="2" time="0.001440"/>
        <testcase name="testBackendLayoutCatalogAndFallbackResolutionAreStable" file="/Users/weline/Project/Official/框架/app/code/Weline/DataTable/Test/Unit/BackendAdminPageServiceTest.php" line="57" class="Weline\DataTable\Test\Unit\BackendAdminPageServiceTest" classname="Weline.DataTable.Test.Unit.BackendAdminPageServiceTest" assertions="7" time="0.000135"/>
        <testcase name="testDashboardDataContainsScenarioModelAndDocSummaries" file="/Users/weline/Project/Official/框架/app/code/Weline/DataTable/Test/Unit/BackendAdminPageServiceTest.php" line="12" class="Weline\DataTable\Test\Unit\BackendAdminPageServiceTest" classname="Weline.DataTable.Test.Unit.BackendAdminPageServiceTest" assertions="8" time="0.000355"/>
        <testcase name="testTagVerificationReportContainsExpectedSections" file="/Users/weline/Project/Official/框架/app/code/Weline/DataTable/Test/Unit/BackendAdminPageServiceTest.php" line="38" class="Weline\DataTable\Test\Unit\BackendAdminPageServiceTest" classname="Weline.DataTable.Test.Unit.BackendAdminPageServiceTest" assertions="7" time="0.087798"/>
      </testsuite>
      <testsuite name="Weline\DataTable\Test\Unit\ResourceSecurityTest" file="/Users/weline/Project/Official/框架/app/code/Weline/DataTable/Test/Unit/ResourceSecurityTest.php" tests="5" assertions="46" errors="0" failures="0" skipped="0" time="0.029512">
        <testcase name="testRegistryExposesOnlyExplicitDemoResources" file="/Users/weline/Project/Official/框架/app/code/Weline/DataTable/Test/Unit/ResourceSecurityTest.php" line="19" class="Weline\DataTable\Test\Unit\ResourceSecurityTest" classname="Weline.DataTable.Test.Unit.ResourceSecurityTest" assertions="3" time="0.000124"/>
        <testcase name="testLegacyModelValidationAcceptsRegisteredCompositeDeclaration" file="/Users/weline/Project/Official/框架/app/code/Weline/DataTable/Test/Unit/ResourceSecurityTest.php" line="34" class="Weline\DataTable\Test\Unit\ResourceSecurityTest" classname="Weline.DataTable.Test.Unit.ResourceSecurityTest" assertions="1" time="0.000081"/>
        <testcase name="testLegacyModelValidationRejectsUnregisteredClass" file="/Users/weline/Project/Official/框架/app/code/Weline/DataTable/Test/Unit/ResourceSecurityTest.php" line="26" class="Weline\DataTable\Test\Unit\ResourceSecurityTest" classname="Weline.DataTable.Test.Unit.ResourceSecurityTest" assertions="2" time="0.001813"/>
        <testcase name="testDependencyOrderRejectsCycles" file="/Users/weline/Project/Official/框架/app/code/Weline/DataTable/Test/Unit/ResourceSecurityTest.php" line="59" class="Weline\DataTable\Test\Unit\ResourceSecurityTest" classname="Weline.DataTable.Test.Unit.ResourceSecurityTest" assertions="2" time="0.001269"/>
        <testcase name="testProviderRequiresBackendAuthorizationForEveryMutation" file="/Users/weline/Project/Official/框架/app/code/Weline/DataTable/Test/Unit/ResourceSecurityTest.php" line="40" class="Weline\DataTable\Test\Unit\ResourceSecurityTest" classname="Weline.DataTable.Test.Unit.ResourceSecurityTest" assertions="38" time="0.026225"/>
      </testsuite>
      <testsuite name="Weline\DataTable\Test\Unit\TableContextRequestIsolationTest" file="/Users/weline/Project/Official/框架/app/code/Weline/DataTable/Test/Unit/TableContextRequestIsolationTest.php" tests="1" assertions="9" errors="0" failures="0" skipped="0" time="0.000426">
        <testcase name="testPeerFiberResetDoesNotClearTableRenderOrFieldState" file="/Users/weline/Project/Official/框架/app/code/Weline/DataTable/Test/Unit/TableContextRequestIsolationTest.php" line="29" class="Weline\DataTable\Test\Unit\TableContextRequestIsolationTest" classname="Weline.DataTable.Test.Unit.TableContextRequestIsolationTest" assertions="9" time="0.000426"/>
      </testsuite>
      <testsuite name="Weline\DataTable\Test\Unit\TransactionManagerTest" file="/Users/weline/Project/Official/框架/app/code/Weline/DataTable/Test/Unit/TransactionManagerTest.php" tests="10" assertions="100" errors="0" failures="0" skipped="0" time="0.016941">
        <testcase name="testExecuteInTransactionRollsBackWhenAWriteStepFails" file="/Users/weline/Project/Official/框架/app/code/Weline/DataTable/Test/Unit/TransactionManagerTest.php" line="49" class="Weline\DataTable\Test\Unit\TransactionManagerTest" classname="Weline.DataTable.Test.Unit.TransactionManagerTest" assertions="5" time="0.001113"/>
        <testcase name="testConnectorAcquirePreservesWrappedAndCloseFailures" file="/Users/weline/Project/Official/框架/app/code/Weline/DataTable/Test/Unit/TransactionManagerTest.php" line="338" class="Weline\DataTable\Test\Unit\TransactionManagerTest" classname="Weline.DataTable.Test.Unit.TransactionManagerTest" assertions="5" time="0.012428"/>
        <testcase name="testModuleResetterClearsFieldStateAndPropagatesConnectorCloseFailure" file="/Users/weline/Project/Official/框架/app/code/Weline/DataTable/Test/Unit/TransactionManagerTest.php" line="379" class="Weline\DataTable\Test\Unit\TransactionManagerTest" classname="Weline.DataTable.Test.Unit.TransactionManagerTest" assertions="4" time="0.000934"/>
        <testcase name="testExecuteInTransactionCommitsRootTransaction" file="/Users/weline/Project/Official/框架/app/code/Weline/DataTable/Test/Unit/TransactionManagerTest.php" line="30" class="Weline\DataTable\Test\Unit\TransactionManagerTest" classname="Weline.DataTable.Test.Unit.TransactionManagerTest" assertions="7" time="0.000140"/>
        <testcase name="testNestedTransactionsUseSavepointsAndRollbackInnerScope" file="/Users/weline/Project/Official/框架/app/code/Weline/DataTable/Test/Unit/TransactionManagerTest.php" line="72" class="Weline\DataTable\Test\Unit\TransactionManagerTest" classname="Weline.DataTable.Test.Unit.TransactionManagerTest" assertions="9" time="0.000179"/>
        <testcase name="testParallelFibersOwnIndependentRootTransactionsAndFinishModes" file="/Users/weline/Project/Official/框架/app/code/Weline/DataTable/Test/Unit/TransactionManagerTest.php" line="95" class="Weline\DataTable\Test\Unit\TransactionManagerTest" classname="Weline.DataTable.Test.Unit.TransactionManagerTest" assertions="22" time="0.000291"/>
        <testcase name="testCleanupInOneFiberDoesNotClearPeerNestedTransactionState" file="/Users/weline/Project/Official/框架/app/code/Weline/DataTable/Test/Unit/TransactionManagerTest.php" line="159" class="Weline\DataTable\Test\Unit\TransactionManagerTest" classname="Weline.DataTable.Test.Unit.TransactionManagerTest" assertions="18" time="0.000250"/>
        <testcase name="testCleanupFailureIsPropagatedAfterRequestStateIsRemoved" file="/Users/weline/Project/Official/框架/app/code/Weline/DataTable/Test/Unit/TransactionManagerTest.php" line="287" class="Weline\DataTable\Test\Unit\TransactionManagerTest" classname="Weline.DataTable.Test.Unit.TransactionManagerTest" assertions="4" time="0.000139"/>
        <testcase name="testCleanupRetainsConnectorUntilRollbackCanBeMadeSafe" file="/Users/weline/Project/Official/框架/app/code/Weline/DataTable/Test/Unit/TransactionManagerTest.php" line="305" class="Weline\DataTable\Test\Unit\TransactionManagerTest" classname="Weline.DataTable.Test.Unit.TransactionManagerTest" assertions="9" time="0.000413"/>
        <testcase name="testParallelFibersCreateAndCloseIndependentConnectorsFromSharedFactory" file="/Users/weline/Project/Official/框架/app/code/Weline/DataTable/Test/Unit/TransactionManagerTest.php" line="220" class="Weline\DataTable\Test\Unit\TransactionManagerTest" classname="Weline.DataTable.Test.Unit.TransactionManagerTest" assertions="17" time="0.001054"/>
      </testsuite>
      <testsuite name="Weline\DataTable\Test\Unit\WritePlanServiceTest" file="/Users/weline/Project/Official/框架/app/code/Weline/DataTable/Test/Unit/WritePlanServiceTest.php" tests="3" assertions="9" errors="0" failures="0" skipped="0" time="0.014977">
        <testcase name="testPayloadDigestIsOrderIndependentButValueSensitive" file="/Users/weline/Project/Official/框架/app/code/Weline/DataTable/Test/Unit/WritePlanServiceTest.php" line="12" class="Weline\DataTable\Test\Unit\WritePlanServiceTest" classname="Weline.DataTable.Test.Unit.WritePlanServiceTest" assertions="2" time="0.000471"/>
        <testcase name="testIssuedPlanCanBeConsumedOnlyOnceWithExactPayload" file="/Users/weline/Project/Official/框架/app/code/Weline/DataTable/Test/Unit/WritePlanServiceTest.php" line="26" class="Weline\DataTable\Test\Unit\WritePlanServiceTest" classname="Weline.DataTable.Test.Unit.WritePlanServiceTest" assertions="4" time="0.007844"/>
        <testcase name="testTamperedPayloadConsumesAndInvalidatesToken" file="/Users/weline/Project/Official/框架/app/code/Weline/DataTable/Test/Unit/WritePlanServiceTest.php" line="41" class="Weline\DataTable\Test\Unit\WritePlanServiceTest" classname="Weline.DataTable.Test.Unit.WritePlanServiceTest" assertions="3" time="0.006662"/>
      </testsuite>
    </testsuite>
  </testsuite>
</testsuites>
